  [1m[36m (6.2ms)[0m  [1mCREATE TABLE "schema_migrations" ("version" varchar NOT NULL) [0m
  [1m[35m (0.1ms)[0m  select sqlite_version(*)
  [1m[36m (6.9ms)[0m  [1mCREATE UNIQUE INDEX "unique_schema_migrations" ON "schema_migrations" ("version")[0m
  [1m[35mActiveRecord::SchemaMigration Load (0.8ms)[0m  SELECT "schema_migrations".* FROM "schema_migrations"
Migrating to CreateUsers (20241106204340)
  [1m[36m (0.0ms)[0m  [1mbegin transaction[0m
DEPRECATION WARNING: `#timestamps` was called without specifying an option for `null`. In Rails 5, this behavior will change to `null: false`. You should manually specify `null: true` to prevent the behavior of your existing migrations from changing. (called from block in change at /mnt/c/Users/samst/SELT2024/projectdirectory-selt_2024_team_010/db/migrate/20241106204340_create_users.rb:9)
  [1m[35m (2.2ms)[0m  CREATE TABLE "users" ("id" INTEGER PRIMARY KEY AUTOINCREMENT NOT NULL, "username" varchar, "password" varchar, "shard_amount" float, "money_usd" float, "created_at" datetime, "updated_at" datetime) 
  [1m[36mSQL (0.8ms)[0m  [1mINSERT INTO "schema_migrations" ("version") VALUES (?)[0m  [["version", "20241106204340"]]
  [1m[35m (4.1ms)[0m  commit transaction
  [1m[36mActiveRecord::SchemaMigration Load (0.7ms)[0m  [1mSELECT "schema_migrations".* FROM "schema_migrations"[0m
  [1m[36m (7.0ms)[0m  [1mDROP TABLE "users"[0m
  [1m[35m (6.5ms)[0m  CREATE TABLE "users" ("id" INTEGER PRIMARY KEY AUTOINCREMENT NOT NULL, "username" varchar, "password" varchar, "shard_amount" float, "money_usd" float, "created_at" datetime, "updated_at" datetime) 
  [1m[36m (0.8ms)[0m  [1mSELECT version FROM "schema_migrations"[0m
  [1m[35m (16.5ms)[0m  CREATE TABLE "users" ("id" INTEGER PRIMARY KEY AUTOINCREMENT NOT NULL, "username" varchar, "password" varchar, "shard_amount" float, "money_usd" float, "created_at" datetime, "updated_at" datetime) 
  [1m[36m (5.7ms)[0m  [1mCREATE TABLE "schema_migrations" ("version" varchar NOT NULL) [0m
  [1m[35m (0.0ms)[0m  select sqlite_version(*)
  [1m[36m (6.0ms)[0m  [1mCREATE UNIQUE INDEX "unique_schema_migrations" ON "schema_migrations" ("version")[0m
  [1m[35m (0.9ms)[0m  SELECT version FROM "schema_migrations"
  [1m[36m (6.4ms)[0m  [1mINSERT INTO "schema_migrations" (version) VALUES ('20241106204340')[0m
  [1m[35mActiveRecord::SchemaMigration Load (0.8ms)[0m  SELECT "schema_migrations".* FROM "schema_migrations"
  [1m[36mActiveRecord::SchemaMigration Load (0.8ms)[0m  [1mSELECT "schema_migrations".* FROM "schema_migrations"[0m
  [1m[35mUser Load (0.9ms)[0m  SELECT "users".* FROM "users"
  [1m[36m (0.0ms)[0m  [1mbegin transaction[0m
  [1m[35mSQL (13.1ms)[0m  INSERT INTO "users" ("username", "password", "shard_amount", "money_usd", "created_at", "updated_at") VALUES (?, ?, ?, ?, ?, ?)  [["username", "alice"], ["password", "password123"], ["shard_amount", 100.5], ["money_usd", 2500.75], ["created_at", "2024-11-06 21:02:16.051128"], ["updated_at", "2024-11-06 21:02:16.051128"]]
  [1m[36m (4.6ms)[0m  [1mcommit transaction[0m
  [1m[35m (0.0ms)[0m  begin transaction
  [1m[36mSQL (2.5ms)[0m  [1mINSERT INTO "users" ("username", "password", "shard_amount", "money_usd", "created_at", "updated_at") VALUES (?, ?, ?, ?, ?, ?)[0m  [["username", "bob"], ["password", "securepass456"], ["shard_amount", 300.0], ["money_usd", 1500.0], ["created_at", "2024-11-06 21:02:16.070495"], ["updated_at", "2024-11-06 21:02:16.070495"]]
  [1m[35m (4.0ms)[0m  commit transaction
  [1m[36m (0.0ms)[0m  [1mbegin transaction[0m
  [1m[35mSQL (2.5ms)[0m  INSERT INTO "users" ("username", "password", "shard_amount", "money_usd", "created_at", "updated_at") VALUES (?, ?, ?, ?, ?, ?)  [["username", "carol"], ["password", "mypassword789"], ["shard_amount", 50.25], ["money_usd", 320.25], ["created_at", "2024-11-06 21:02:16.077997"], ["updated_at", "2024-11-06 21:02:16.077997"]]
  [1m[36m (3.9ms)[0m  [1mcommit transaction[0m
  [1m[35m (0.0ms)[0m  begin transaction
  [1m[36mSQL (2.5ms)[0m  [1mINSERT INTO "users" ("username", "password", "shard_amount", "money_usd", "created_at", "updated_at") VALUES (?, ?, ?, ?, ?, ?)[0m  [["username", "dave"], ["password", "123securepass"], ["shard_amount", 200.75], ["money_usd", 500.0], ["created_at", "2024-11-06 21:02:16.085422"], ["updated_at", "2024-11-06 21:02:16.085422"]]
  [1m[35m (4.0ms)[0m  commit transaction
